0 info it worked if it ends with ok
1 verbose cli [ '/usr/local/bin/node', '/usr/local/bin/npm', 'publish' ]
2 info using npm@3.10.9
3 info using node@v6.9.2
4 verbose publish [ '.' ]
5 silly cache add args [ '.', null ]
6 verbose cache add spec .
7 silly cache add parsed spec Result {
7 silly cache add   raw: '.',
7 silly cache add   scope: null,
7 silly cache add   escapedName: null,
7 silly cache add   name: null,
7 silly cache add   rawSpec: '.',
7 silly cache add   spec: '/Users/Hugh/Documents/Projects/generator-yx',
7 silly cache add   type: 'directory' }
8 verbose addLocalDirectory /Users/Hugh/.npm/generator-yx/1.8.4/package.tgz not in flight; packing
9 verbose correctMkdir /Users/Hugh/.npm correctMkdir not in flight; initializing
10 info lifecycle generator-yx@1.8.4~prepublish: generator-yx@1.8.4
11 silly lifecycle generator-yx@1.8.4~prepublish: no script for prepublish, continuing
12 verbose tar pack [ '/Users/Hugh/.npm/generator-yx/1.8.4/package.tgz',
12 verbose tar pack   '/Users/Hugh/Documents/Projects/generator-yx' ]
13 verbose tarball /Users/Hugh/.npm/generator-yx/1.8.4/package.tgz
14 verbose folder /Users/Hugh/Documents/Projects/generator-yx
15 verbose addLocalTarball adding from inside cache /Users/Hugh/.npm/generator-yx/1.8.4/package.tgz
16 verbose correctMkdir /Users/Hugh/.npm correctMkdir not in flight; initializing
17 silly cache afterAdd generator-yx@1.8.4
18 verbose afterAdd /Users/Hugh/.npm/generator-yx/1.8.4/package/package.json not in flight; writing
19 verbose correctMkdir /Users/Hugh/.npm correctMkdir not in flight; initializing
20 verbose afterAdd /Users/Hugh/.npm/generator-yx/1.8.4/package/package.json written
21 silly publish { name: 'generator-yx',
21 silly publish   version: '1.8.4',
21 silly publish   description: 'Full stack javascript project scaffold.',
21 silly publish   main: 'app/index.js',
21 silly publish   dependencies: { lodash: '^4.0.0', 'yeoman-generator': '^0.22.1' },
21 silly publish   devDependencies: {},
21 silly publish   scripts: { start: 'yo yx', test: '' },
21 silly publish   repository:
21 silly publish    { type: 'git',
21 silly publish      url: 'git+https://github.com/huyaxiong/generator-yx.git' },
21 silly publish   keywords: [ 'yeoman-generator' ],
21 silly publish   files: [ 'app' ],
21 silly publish   author: { name: 'huyaxiong' },
21 silly publish   license: 'ISC',
21 silly publish   bugs: { url: 'https://github.com/huyaxiong/generator-yx/issues' },
21 silly publish   homepage: 'https://github.com/huyaxiong/generator-yx#readme',
21 silly publish   readme: '# Subject\n\nFull stack javascript project scaffold, including vue, webpack, gulp, babel, express ...\n\n\n# Guide\n\n### Frontend\n\n- yo yx (new frontend project)\n- yo yx:vue (install vue dependencies)\n- yo yx:vue-c (generate vue component file)\n- yo yx:vue-m (generate vuex module file)\n- yo yx:webpack (add webpack configure files)\n- yo yx:gulp (add gulp configure files)\n- yo yx:mini-program (generate wechat mini-app files)\n\n\n### Backend\n- yo yx:backend-commonjs (add backend codes of commonjs version)\n- yo yx:backend (add backend codes)\n- yo yx:mocha (generate mocha test file)\n\n\n# Basic Project Structure\n\n    -Project\n        -js (containing source js code of frontend)\n        -images (containing images)\n        -scss (containing source scss code of frontend)\n        -dist (containing compiled js & css code of frontend)\n        -backend (containing source js code of backend)\n        -server (containing compiled js code of backend)\n        -index.html\n        -package.json\n\n\n# Contact\n\nHugh Hu\nhughyaxiong@gmail.com',
21 silly publish   readmeFilename: 'README.md',
21 silly publish   gitHead: '4977bb22d704b098dff1c71e00dace834bed8fa4',
21 silly publish   _id: 'generator-yx@1.8.4',
21 silly publish   _shasum: '0131cd4a99f2230535c7c553ee90dadc7b8bd52c',
21 silly publish   _from: '.' }
22 verbose getPublishConfig undefined
23 silly mapToRegistry name generator-yx
24 silly mapToRegistry using default registry
25 silly mapToRegistry registry https://registry.npmjs.org/
26 silly mapToRegistry data Result {
26 silly mapToRegistry   raw: 'generator-yx',
26 silly mapToRegistry   scope: null,
26 silly mapToRegistry   escapedName: 'generator-yx',
26 silly mapToRegistry   name: 'generator-yx',
26 silly mapToRegistry   rawSpec: '',
26 silly mapToRegistry   spec: 'latest',
26 silly mapToRegistry   type: 'tag' }
27 silly mapToRegistry uri https://registry.npmjs.org/generator-yx
28 verbose publish registryBase https://registry.npmjs.org/
29 silly publish uploading /Users/Hugh/.npm/generator-yx/1.8.4/package.tgz
30 verbose request uri https://registry.npmjs.org/generator-yx
31 verbose request sending authorization for write operation
32 info attempt registry request try #1 at 10:30:04 AM
33 verbose request using bearer token for auth
34 verbose request id 6f25a63e42254e0a
35 http request PUT https://registry.npmjs.org/generator-yx
36 http 403 https://registry.npmjs.org/generator-yx
37 verbose headers { 'content-type': 'application/json',
37 verbose headers   'cache-control': 'max-age=300',
37 verbose headers   'content-length': '93',
37 verbose headers   'accept-ranges': 'bytes',
37 verbose headers   date: 'Thu, 15 Mar 2018 02:30:05 GMT',
37 verbose headers   via: '1.1 varnish',
37 verbose headers   connection: 'keep-alive',
37 verbose headers   'x-served-by': 'cache-nrt6122-NRT',
37 verbose headers   'x-cache': 'MISS',
37 verbose headers   'x-cache-hits': '0',
37 verbose headers   'x-timer': 'S1521081005.021172,VS0,VE608',
37 verbose headers   vary: 'Accept-Encoding, Accept' }
38 verbose request invalidating /Users/Hugh/.npm/registry.npmjs.org/generator-yx on PUT
39 error publish Failed PUT 403
40 verbose stack Error: You cannot publish over the previously published versions: 1.8.4. : generator-yx
40 verbose stack     at makeError (/usr/local/lib/node_modules/npm/node_modules/npm-registry-client/lib/request.js:302:12)
40 verbose stack     at CachingRegistryClient.<anonymous> (/usr/local/lib/node_modules/npm/node_modules/npm-registry-client/lib/request.js:290:14)
40 verbose stack     at Request._callback (/usr/local/lib/node_modules/npm/node_modules/npm-registry-client/lib/request.js:210:14)
40 verbose stack     at Request.self.callback (/usr/local/lib/node_modules/npm/node_modules/request/request.js:187:22)
40 verbose stack     at emitTwo (events.js:106:13)
40 verbose stack     at Request.emit (events.js:191:7)
40 verbose stack     at Request.<anonymous> (/usr/local/lib/node_modules/npm/node_modules/request/request.js:1048:10)
40 verbose stack     at emitOne (events.js:96:13)
40 verbose stack     at Request.emit (events.js:188:7)
40 verbose stack     at IncomingMessage.<anonymous> (/usr/local/lib/node_modules/npm/node_modules/request/request.js:969:12)
41 verbose statusCode 403
42 verbose pkgid generator-yx
43 verbose cwd /Users/Hugh/Documents/Projects/generator-yx
44 error Darwin 17.4.0
45 error argv "/usr/local/bin/node" "/usr/local/bin/npm" "publish"
46 error node v6.9.2
47 error npm  v3.10.9
48 error code E403
49 error You cannot publish over the previously published versions: 1.8.4. : generator-yx
50 error If you need help, you may report this error at:
50 error     <https://github.com/npm/npm/issues>
51 verbose exit [ 1, true ]
